Build started 2022.06.27. 12:16:47.
     1>Project "F:\Games\Civilization 4\Beyond the Sword\Mods\Chronicles of Mankind 1.3\CvGameCoreDLL\project\CvGameCoreDLL.vcxproj" on node 2 (build target(s)).
     1>PrepareForBuild:
         Creating directory "obj\Win32\Debug\".
       Build:
         set TARGET=Debug
         nmake source_list /NOLOGO
         nmake fastdep /NOLOGO
         nmake dll /NOLOGO
         Building source list
         Running fastdep
         _precompile.cpp
         BetterBTSAI.cpp
         BoolExpr.cpp
         ByteBuffer.cpp
         CvAllocator.cpp
         CvArea.cpp
         CvArtFileMgr.cpp
         CvBugOptions.cpp
         CvBuildingFilters.cpp
         CvBuildingGrouping.cpp
         CvBuildingInfo.cpp
         CvBuildingList.cpp
         CvBuildingSort.cpp
         CvBuildLists.cpp
         CvCity.cpp
         CvCityAI.cpp
         CvContractBroker.cpp
         CvDate.cpp
         CvDeal.cpp
         CvDiploParameters.cpp
         CvDLLButtonPopup.cpp
         CvDLLEntity.cpp
         CvDLLPython.cpp
         CvDllPythonEvents.cpp
         CvDllTranslator.cpp
         CvDLLWidgetData.cpp
         CvDLLXMLRapid.cpp
         CvEventReporter.cpp
         CvFractal.cpp
         CvGame.cpp
         CvGameAI.cpp
         CvGameCoreDLL.cpp
         CvGameCoreUtils.cpp
         CvGameInterface.cpp
         CvGameObject.cpp
         CvGameTextMgr.cpp
         CvGlobals.cpp
         CvHallOfFameInfo.cpp
         CvInfos.cpp
         CvInfoWater.cpp
         CvInitCore.cpp
         CvMap.cpp
         CvMapExternal.cpp
         CvMapGenerator.cpp
         CvMapInterfaceBase.cpp
         CvMessageControl.cpp
         CvMessageData.cpp
         CvOutcome.cpp
         CvOutcomeList.cpp
         CvOutcomemission.cpp
         CvPathGenerator.cpp
         CvPipeline.cpp
         CvPlayer.cpp
         CvPlayerAI.cpp
         CvPlot.cpp
         CvPlotGroup.cpp
         CvPopupInfo.cpp
         CvPopupReturn.cpp
         CvProperties.cpp
         CvPropertyInteraction.cpp
         CvPropertyManipulators.cpp
         CvPropertyPropagator.cpp
         CvPropertySolver.cpp
         CvPropertySource.cpp
         CvRandom.cpp
         CvReachablePlotSet.cpp
         CvReplayInfo.cpp
         CvReplayMessage.cpp
         CvSelectionGroup.cpp
         CvSelectionGroupAI.cpp
         CvStatistics.cpp
         CvStructs.cpp
         CvTaggedSaveFormatWrapper.cpp
         CvTalkingHeadMessage.cpp
         CvTeam.cpp
         CvTeamAI.cpp
         CvUnit.cpp
         CvUnitAI.cpp
         CvUnitFilters.cpp
         CvUnitGrouping.cpp
         CvUnitInfo.cpp
         CvUnitList.cpp
         CvUnitSort.cpp
         CvViewport.cpp
         CvXMLLoadUtility.cpp
         CvXMLLoadUtilityGet.cpp
         CvXMLLoadUtilityInit.cpp
         CvXMLLoadUtilityModTools.cpp
         CvXMLLoadUtilitySet.cpp
         CvXMLLoadUtilitySetMod.cpp
         CyArea.cpp
         CyAreaInterface.cpp
         CyArgsList.cpp
         CyArtFileMgr.cpp
         CyArtFileMgrInterface.cpp
         CyCity.cpp
         CyCityInterface1.cpp
         CyCityInterface2.cpp
         CyDeal.cpp
         CyEnumsInterface.cpp
         CyGame.cpp
         CyGameCoreUtils.cpp
         CyGameCoreUtilsInterface.cpp
         CyGameInterface.cpp
         CyGameTextMgr.cpp
         CyGameTextMgrInterface.cpp
         CyGlobalContext.cpp
         CyGlobalContextInterface1.cpp
         CyGlobalContextInterface2.cpp
         CyGlobalContextInterface3.cpp
         CyGlobalContextInterface4.cpp
         CyHallOfFameInfo.cpp
         CyHallOfFameInterface.cpp
         CyInfoInterface1.cpp
         CyInfoInterface2.cpp
         CyInfoInterface3.cpp
         CyInfoInterface4.cpp
         CyMap.cpp
         CyMapGenerator.cpp
         CyMapGeneratorInterface.cpp
         CyMapInterface.cpp
         CyMessageControl.cpp
         CyMessageControlInterface.cpp
         CyPlayer.cpp
         CyPlayerInterface1.cpp
         CyPlayerInterface2.cpp
         CyPlot.cpp
         CyPlotInterface1.cpp
         CyPropertiesInterface.cpp
         CyRandomInterface.cpp
         CyReplayInfo.cpp
         CySelectionGroup.cpp
         CySelectionGroupInterface.cpp
         CyStructsInterface1.cpp
         CyTeam.cpp
         CyTeamInterface.cpp
         CyUnit.cpp
         CyUnitInterface1.cpp
         FAssert.cpp
         FDataIOStream.cpp
         FDataStreamBuffer.cpp
         FDialogTemplate.cpp
         FLinedDataIOStream.cpp
         IntExpr.cpp
         PlotRadiusIterator.cpp
         UTF8Support.cpp
         Linking DLL
            Creating library temp_files\Debug\CvGameCoreDLL.lib and object temp_files\Debug\CvGameCoreDLL.exp
         	COPY "temp_files\Debug\CvGameCoreDLL.dll" "Debug\CvGameCoreDLL.dll"
                 1 fájl másolása megtörtént.
         	COPY "Debug\CvGameCoreDLL.dll" "..\..\Assets\."
                 1 fájl másolása megtörtént.
     1>Done Building Project "F:\Games\Civilization 4\Beyond the Sword\Mods\Chronicles of Mankind 1.3\CvGameCoreDLL\project\CvGameCoreDLL.vcxproj" (build target(s)).

Build succeeded.

Time Elapsed 00:02:42.51
