Build started 2022.09.06. 14:13:19.
     1>Project "F:\Games\Civilization 4\Beyond the Sword\Mods\Chronicles of Mankind 1.3\CvGameCoreDLL\project\CvGameCoreDLL.vcxproj" on node 2 (build target(s)).
     1>Build:
         set TARGET=Release
         nmake source_list /NOLOGO
         nmake fastdep /NOLOGO
         nmake precompile /NOLOGO
         bin\jom build /NOLOGO
         Building source list
         Running fastdep
         CvDLLButtonPopup.cpp
         Linking DLL
            Creating library temp_files\Release\CvGameCoreDLL.lib and object temp_files\Release\CvGameCoreDLL.exp
         	COPY "temp_files\Release\CvGameCoreDLL.dll" "Release\CvGameCoreDLL.dll"
                 1 fájl másolása megtörtént.
         	COPY "Release\CvGameCoreDLL.dll" "..\..\Assets\."
                 1 fájl másolása megtörtént.
     1>Done Building Project "F:\Games\Civilization 4\Beyond the Sword\Mods\Chronicles of Mankind 1.3\CvGameCoreDLL\project\CvGameCoreDLL.vcxproj" (build target(s)).

Build succeeded.

Time Elapsed 00:00:46.42
